<?xml version="1.0" encoding="UTF-8"?>
<testng-results ignored="0" total="1" passed="0" failed="1" skipped="0">
  <reporter-output>
  </reporter-output>
  <suite started-at="2023-12-18T13:30:45 IST" name="Default suite" finished-at="2023-12-18T13:30:46 IST" duration-ms="841">
    <groups>
      <group name="cucumber">
        <method signature="AbstractTestNGCucumberTests.runScenario(io.cucumber.testng.PickleWrapper,io.cucumber.testng.FeatureWrapper)[pri:0, instance:com.caw.runner.TestNGRunner@5e2c3d18]" name="runScenario" class="io.cucumber.testng.AbstractTestNGCucumberTests"/>
      </group> <!-- cucumber -->
    </groups>
    <test started-at="2023-12-18T13:30:45 IST" name="Default test" finished-at="2023-12-18T13:30:46 IST" duration-ms="841">
      <class name="com.caw.runner.TestNGRunner">
        <test-method is-config="true" signature="setUpClass(org.testng.ITestContext)[pri:0, instance:com.caw.runner.TestNGRunner@5e2c3d18]" started-at="2023-12-18T13:30:45 IST" name="setUpClass" finished-at="2023-12-18T13:30:46 IST" duration-ms="529" status="PASS">
          <params>
            <param index="0">
              <value>
                <![CDATA[org.testng.TestRunner@7a26928a]]>
              </value>
            </param>
          </params>
          <reporter-output>
          </reporter-output>
        </test-method> <!-- setUpClass -->
        <test-method signature="runScenario(io.cucumber.testng.PickleWrapper,io.cucumber.testng.FeatureWrapper)[pri:0, instance:com.caw.runner.TestNGRunner@5e2c3d18]" started-at="2023-12-18T13:30:46 IST" name="runScenario" description="Runs Cucumber Scenarios" data-provider="scenarios" finished-at="2023-12-18T13:30:46 IST" duration-ms="150" status="FAIL">
          <params>
            <param index="0">
              <value>
                <![CDATA["search functionality"]]>
              </value>
            </param>
            <param index="1">
              <value>
                <![CDATA["As a user of the application i want to search product and sort search results in Amazon"]]>
              </value>
            </param>
          </params>
          <exception class="java.lang.NullPointerException">
            <message>
              <![CDATA[Cannot invoke "com.aventstack.extentreports.ExtentReports.createTest(String)" because "com.caw.stepdef.Hooks.report" is null]]>
            </message>
            <full-stacktrace>
              <![CDATA[java.lang.NullPointerException: Cannot invoke "com.aventstack.extentreports.ExtentReports.createTest(String)" because "com.caw.stepdef.Hooks.report" is null
at com.caw.stepdef.Hooks.user_is_successfully_naviaged_to(Hooks.java:26)
at ✽.user is successfully naviaged to "https://www.amazon.in/"(file:///C:/Users/Sathish%20Chowdary/Desktop/test/New%20folder/AmazonwithCucumber/src/test/resources/features/%20Searchfunctionality.feature:3)
]]>
            </full-stacktrace>
          </exception> <!-- java.lang.NullPointerException -->
          <reporter-output>
          </reporter-output>
        </test-method> <!-- runScenario -->
        <test-method is-config="true" signature="tearDownClass()[pri:0, instance:com.caw.runner.TestNGRunner@5e2c3d18]" started-at="2023-12-18T13:30:46 IST" name="tearDownClass" finished-at="2023-12-18T13:30:46 IST" duration-ms="98" status="PASS">
          <reporter-output>
          </reporter-output>
        </test-method> <!-- tearDownClass -->
      </class> <!-- com.caw.runner.TestNGRunner -->
    </test> <!-- Default test -->
  </suite> <!-- Default suite -->
</testng-results>
