<?xml version="1.0" encoding="UTF-8" standalone="no"?><testsuite errors="1" failures="0" name="SerenityBDDFramework.SerenityBDD.Testcase" skipped="0" tests="1" time="0.5" timestamp="2023-12-10 07:54:29"><testcase classname="SerenityBDDFramework.SerenityBDD.Testcase" name="Starter"><error message="org/openqa/selenium/HasDownloads" type="java.lang.NoClassDefFoundError">org/openqa/selenium/HasDownloads</error><system-err>org/openqa/selenium/HasDownloads&#13;
SerenityBDDFramework.SerenityBDD.Testcase.starter(Testcase.java:19)&#13;
org.eclipse.jdt.internal.junit4.runner.JUnit4TestReference.run(JUnit4TestReference.java:93)&#13;
org.eclipse.jdt.internal.junit.runner.TestExecution.run(TestExecution.java:40)&#13;
org.eclipse.jdt.internal.junit.runner.RemoteTestRunner.runTests(RemoteTestRunner.java:529)&#13;
org.eclipse.jdt.internal.junit.runner.RemoteTestRunner.runTests(RemoteTestRunner.java:756)&#13;
org.eclipse.jdt.internal.junit.runner.RemoteTestRunner.run(RemoteTestRunner.java:452)&#13;
org.eclipse.jdt.internal.junit.runner.RemoteTestRunner.main(RemoteTestRunner.java:210)&#13;
</system-err></testcase></testsuite>